[14:48:27] [main/INFO] (FabricLoader) Loading for game Minecraft 1.5.2
[14:48:27] [main/DEBUG] (FabricLoader) Requesting deobfuscation of dev.jar
[14:48:27] [main/DEBUG] (FabricLoader) [Knot] Proposed file:/B:/Data/Documents/BTW-Modding/Better-Terrain/Better-Terrain-Addon/build/dev_run/dev.jar to classpath.
[14:48:27] [main/DEBUG] (FabricLoader|EntrypointTransformer) Found game constructor: net.minecraft.client.main.Main -> net.minecraft.client.Minecraft
[14:48:27] [main/DEBUG] (FabricLoader|EntrypointTransformer) Patching game constructor startGame()V
[14:48:27] [main/DEBUG] (FabricLoader|EntrypointTransformer) Run directory field is thought to be net/minecraft/client/Minecraft/mcDataDir
[14:48:27] [main/DEBUG] (FabricLoader|EntrypointTransformer) Applying brand name hook to net/minecraft/client/ClientBrandRetriever::getClientModName
[14:48:27] [main/DEBUG] (FabricLoader|EntrypointTransformer) Applying brand name hook to net/minecraft/server/MinecraftServer::getServerModName
[14:48:27] [main/DEBUG] (FabricLoader|EntrypointTransformer) [EntrypointTransformer] Patched 3 classes.
[14:48:27] [main/DEBUG] (Fabric|Loader) [ClasspathModCandidateFinder] Adding dev classpath directories to classpath.
[14:48:27] [main/DEBUG] (FabricLoader) [Knot] Proposed file:/B:/Data/Documents/BTW-Modding/Better-Terrain/Better-Terrain-Addon/build/classes/java/main/ to classpath.
[14:48:27] [main/DEBUG] (Fabric|Loader) [ClasspathModCandidateFinder] Processing /B:/Data/Documents/BTW-Modding/Better-Terrain/Better-Terrain-Addon/.gradle/loom-cache/remapped_mods/null_unspecified_1_5_2_1_0/io/github/minecraft-cursed-legacy/cursed-fabric-loader/1.0.0/cursed-fabric-loader-1.0.0.jar
[14:48:27] [main/DEBUG] (Fabric|Loader) [ClasspathModCandidateFinder] Processing /B:/Data/Documents/BTW-Modding/Better-Terrain/Better-Terrain-Addon/build/resources/main/
[14:48:27] [ForkJoinPool-1-worker-9/DEBUG] (Fabric|Loader) Testing file:/B:/Data/Documents/BTW-Modding/Better-Terrain/Better-Terrain-Addon/.gradle/loom-cache/remapped_mods/null_unspecified_1_5_2_1_0/io/github/minecraft-cursed-legacy/cursed-fabric-loader/1.0.0/cursed-fabric-loader-1.0.0.jar
[14:48:27] [ForkJoinPool-1-worker-2/DEBUG] (Fabric|Loader) Testing file:/B:/Data/Documents/BTW-Modding/Better-Terrain/Better-Terrain-Addon/build/resources/main/
[14:48:27] [ForkJoinPool-1-worker-11/DEBUG] (Fabric|Loader) Testing file:/B:/Data/Documents/BTW-Modding/Better-Terrain/Better-Terrain-Addon/run/mods/Deco-Addon-4.1.0-alpha.jar
[14:48:27] [ForkJoinPool-1-worker-11/DEBUG] (Fabric|Loader) Adding file:/B:/Data/Documents/BTW-Modding/Better-Terrain/Better-Terrain-Addon/run/mods/Deco-Addon-4.1.0-alpha.jar as ModCandidate{decoaddon@4.1.0}
[14:48:27] [ForkJoinPool-1-worker-2/DEBUG] (Fabric|Loader) Adding file:/B:/Data/Documents/BTW-Modding/Better-Terrain/Better-Terrain-Addon/build/resources/main/ as ModCandidate{betterterrain@3.1.0}
[14:48:27] [ForkJoinPool-1-worker-9/DEBUG] (Fabric|Loader) Adding file:/B:/Data/Documents/BTW-Modding/Better-Terrain/Better-Terrain-Addon/.gradle/loom-cache/remapped_mods/null_unspecified_1_5_2_1_0/io/github/minecraft-cursed-legacy/cursed-fabric-loader/1.0.0/cursed-fabric-loader-1.0.0.jar as ModCandidate{fabricloader@1.0.0}
[14:48:27] [ForkJoinPool-1-worker-11/DEBUG] (Fabric|Loader) Searching for nested JARs in ModCandidate{decoaddon@4.1.0}
[14:48:27] [ForkJoinPool-1-worker-9/DEBUG] (Fabric|Loader) Searching for nested JARs in ModCandidate{fabricloader@1.0.0}
[14:48:27] [ForkJoinPool-1-worker-11/DEBUG] (Fabric|Loader) file:/B:/Data/Documents/BTW-Modding/Better-Terrain/Better-Terrain-Addon/run/mods/Deco-Addon-4.1.0-alpha.jar
[14:48:27] [ForkJoinPool-1-worker-9/DEBUG] (Fabric|Loader) file:/B:/Data/Documents/BTW-Modding/Better-Terrain/Better-Terrain-Addon/.gradle/loom-cache/remapped_mods/null_unspecified_1_5_2_1_0/io/github/minecraft-cursed-legacy/cursed-fabric-loader/1.0.0/cursed-fabric-loader-1.0.0.jar
[14:48:27] [ForkJoinPool-1-worker-2/DEBUG] (Fabric|Loader) Searching for nested JARs in ModCandidate{betterterrain@3.1.0}
[14:48:27] [ForkJoinPool-1-worker-2/DEBUG] (Fabric|Loader) file:/B:/Data/Documents/BTW-Modding/Better-Terrain/Better-Terrain-Addon/build/resources/main/
[14:48:27] [main/DEBUG] (Fabric|Loader) Mod resolution detection time: 16ms
[14:48:27] [main/DEBUG] (Fabric|Loader) Mod resolution time: 3ms
[14:48:27] [main/INFO] (Fabric|Loader) [FabricLoaderImpl] Loading 5 mods: minecraft@1.5.2, betterterrain@3.1.0, java@8, fabricloader@1.0.0, decoaddon@4.1.0
[14:48:27] [main/DEBUG] (FabricLoader) Loading mappings took 30 ms
[14:48:28] [main/DEBUG] (FabricLoader) [Knot] Proposed jimfs://nestedJarStore/29a086dd-d18f-4643-8c56-c9cd3cf81228.jar to classpath.
[14:48:28] [main/DEBUG] (FabricLoader) [Knot] Proposed file:/B:/Data/Documents/BTW-Modding/Better-Terrain/Better-Terrain-Addon/build/resources/main/ to classpath.
[14:48:28] [main/DEBUG] (mixin) Mixin bootstrap service org.spongepowered.asm.service.mojang.MixinServiceLaunchWrapperBootstrap is not available: LaunchWrapper is not available
[14:48:28] [main/DEBUG] (mixin) Mixin bootstrap service org.spongepowered.asm.service.modlauncher.MixinServiceModLauncherBootstrap is not available: ModLauncher is not available
[14:48:28] [main/DEBUG] (mixin) MixinService [LaunchWrapper] is not valid
[14:48:28] [main/DEBUG] (mixin) MixinService [ModLauncher] is not valid
[14:48:28] [main/DEBUG] (mixin) MixinService [Knot/Fabric] was successfully booted in sun.misc.Launcher$AppClassLoader@2b193f2d
[14:48:28] [main/INFO] (mixin) SpongePowered MIXIN Subsystem Version=0.8.2 Source=file:/C:/Users/Abigail%20Moore/.gradle/caches/modules-2/files-2.1/net.fabricmc/sponge-mixin/0.9.2+mixin.0.8.2/12c437eebf031967eaa7daad861e115932772cc7/sponge-mixin-0.9.2+mixin.0.8.2.jar Service=Knot/Fabric Env=CLIENT
[14:48:28] [main/DEBUG] (mixin) Initialising Mixin Platform Manager
[14:48:28] [main/DEBUG] (mixin) Adding mixin platform agents for container ContainerHandleURI(file:/B:/Data/Documents/BTW-Modding/Better-Terrain/Better-Terrain-Addon/.gradle/loom-cache/remapped_mods/null_unspecified_1_5_2_1_0/io/github/minecraft-cursed-legacy/cursed-fabric-loader/1.0.0/cursed-fabric-loader-1.0.0.jar)
[14:48:28] [main/DEBUG] (mixin) Instancing new MixinPlatformAgentDefault for ContainerHandleURI(file:/B:/Data/Documents/BTW-Modding/Better-Terrain/Better-Terrain-Addon/.gradle/loom-cache/remapped_mods/null_unspecified_1_5_2_1_0/io/github/minecraft-cursed-legacy/cursed-fabric-loader/1.0.0/cursed-fabric-loader-1.0.0.jar)
[14:48:28] [main/DEBUG] (mixin) MixinPlatformAgentDefault accepted container ContainerHandleURI(file:/B:/Data/Documents/BTW-Modding/Better-Terrain/Better-Terrain-Addon/.gradle/loom-cache/remapped_mods/null_unspecified_1_5_2_1_0/io/github/minecraft-cursed-legacy/cursed-fabric-loader/1.0.0/cursed-fabric-loader-1.0.0.jar)
[14:48:28] [main/DEBUG] (mixin) Instancing new MixinPlatformAgentDefault for ContainerHandleURI(file:/B:/Data/Documents/BTW-Modding/Better-Terrain/Better-Terrain-Addon/.gradle/loom-cache/remapped_mods/null_unspecified_1_5_2_1_0/io/github/minecraft-cursed-legacy/cursed-fabric-loader/1.0.0/cursed-fabric-loader-1.0.0.jar)
[14:48:28] [main/DEBUG] (mixin) MixinPlatformAgentDefault accepted container ContainerHandleURI(file:/B:/Data/Documents/BTW-Modding/Better-Terrain/Better-Terrain-Addon/.gradle/loom-cache/remapped_mods/null_unspecified_1_5_2_1_0/io/github/minecraft-cursed-legacy/cursed-fabric-loader/1.0.0/cursed-fabric-loader-1.0.0.jar)
[14:48:28] [main/DEBUG] (mixin) Processing prepare() for PlatformAgent[MixinPlatformAgentDefault:ContainerHandleURI(file:/B:/Data/Documents/BTW-Modding/Better-Terrain/Better-Terrain-Addon/.gradle/loom-cache/remapped_mods/null_unspecified_1_5_2_1_0/io/github/minecraft-cursed-legacy/cursed-fabric-loader/1.0.0/cursed-fabric-loader-1.0.0.jar)]
[14:48:28] [main/DEBUG] (mixin) Processing prepare() for PlatformAgent[MixinPlatformAgentDefault:ContainerHandleURI(file:/B:/Data/Documents/BTW-Modding/Better-Terrain/Better-Terrain-Addon/.gradle/loom-cache/remapped_mods/null_unspecified_1_5_2_1_0/io/github/minecraft-cursed-legacy/cursed-fabric-loader/1.0.0/cursed-fabric-loader-1.0.0.jar)]
[14:48:28] [main/INFO] (Fabric|MixinBootstrap) Loaded Fabric development mappings for mixin remapper!
[14:48:28] [main/DEBUG] (mixin) Error cleaning class output directory: .mixin.out\class: failed to delete one or more files; see suppressed exceptions for details
[14:48:28] [main/DEBUG] (Fabric|Loader) No subscribers for entrypoint 'preLaunch'
[14:48:28] [main/DEBUG] (mixin) Preparing mixins for MixinEnvironment[DEFAULT]
[14:48:28] [main/DEBUG] (mixin) Selecting config betterterrain.mixins.json
[14:48:28] [main/DEBUG] (mixin) Selecting config decoaddon.item.mixins.json
[14:48:28] [main/DEBUG] (mixin) Selecting config decoaddon.block.mixins.json
[14:48:28] [main/DEBUG] (mixin) Selecting config decoaddon.entity.mixins.json
[14:48:28] [main/DEBUG] (mixin) Selecting config decoaddon.inventory.mixins.json
[14:48:28] [main/DEBUG] (mixin) Selecting config decoaddon.client.mixins.json
[14:48:28] [main/DEBUG] (mixin) Preparing betterterrain.mixins.json (14)
[14:48:28] [main/DEBUG] (mixin) Preparing decoaddon.item.mixins.json (17)
[14:48:28] [main/DEBUG] (mixin) Preparing decoaddon.block.mixins.json (20)
[14:48:28] [main/DEBUG] (mixin) Preparing decoaddon.entity.mixins.json (3)
[14:48:28] [main/DEBUG] (mixin) Preparing decoaddon.inventory.mixins.json (2)
[14:48:28] [main/WARN] (mixin) @Mixin target net/minecraft/src/SlotRepair is public in decoaddon.inventory.mixins.json:SlotRepairMixin and should be specified in value
[14:48:28] [main/DEBUG] (mixin) Preparing decoaddon.client.mixins.json (0)
[14:48:28] [main/DEBUG] (mixin) Registering new injector for @Inject with org.spongepowered.asm.mixin.injection.struct.CallbackInjectionInfo
[14:48:28] [main/DEBUG] (mixin) Registering new injector for @ModifyArg with org.spongepowered.asm.mixin.injection.struct.ModifyArgInjectionInfo
[14:48:28] [main/DEBUG] (mixin) Registering new injector for @ModifyArgs with org.spongepowered.asm.mixin.injection.struct.ModifyArgsInjectionInfo
[14:48:28] [main/DEBUG] (mixin) Registering new injector for @Redirect with org.spongepowered.asm.mixin.injection.struct.RedirectInjectionInfo
[14:48:28] [main/DEBUG] (mixin) Registering new injector for @ModifyVariable with org.spongepowered.asm.mixin.injection.struct.ModifyVariableInjectionInfo
[14:48:28] [main/DEBUG] (mixin) Registering new injector for @ModifyConstant with org.spongepowered.asm.mixin.injection.struct.ModifyConstantInjectionInfo
[14:48:28] [main/DEBUG] (mixin) Mixing GuiScreenAccessor from betterterrain.mixins.json into net.minecraft.src.GuiScreen
[14:48:28] [main/DEBUG] (mixin) Mixing EntityPlayerSPMixin from decoaddon.entity.mixins.json into net.minecraft.src.EntityPlayerSP
[14:48:28] [main/DEBUG] (mixin) Mixing BlockMixin from decoaddon.block.mixins.json into net.minecraft.src.Block
[14:48:29] [main/DEBUG] (mixin) Mixing StoneBlockMixin from decoaddon.block.mixins.json into btw.block.blocks.StoneBlock
[14:48:29] [main/DEBUG] (mixin) Mixing GrassBlockMixin from decoaddon.block.mixins.json into btw.block.blocks.GrassBlock
[14:48:29] [main/DEBUG] (mixin) Mixing PlanksBlockMixin from decoaddon.block.mixins.json into btw.block.blocks.PlanksBlock
[14:48:29] [main/DEBUG] (mixin) Mixing SandBlockMixin from decoaddon.block.mixins.json into btw.block.blocks.SandBlock
[14:48:29] [main/DEBUG] (mixin) Mixing LogBlockMixin from decoaddon.block.mixins.json into btw.block.blocks.LogBlock
[14:48:29] [main/DEBUG] (mixin) Mixing SandstoneBlockMixin from decoaddon.block.mixins.json into btw.block.blocks.SandstoneBlock
[14:48:29] [main/DEBUG] (mixin) Mixing TallGrassBlockMixin from decoaddon.block.mixins.json into btw.block.blocks.TallGrassBlock
[14:48:29] [main/DEBUG] (mixin) Mixing BookshelfBlockMixin from decoaddon.block.mixins.json into btw.block.blocks.BookshelfBlock
[14:48:29] [main/DEBUG] (mixin) Mixing ObsidianBlockMixin from decoaddon.block.mixins.json into btw.block.blocks.ObsidianBlock
[14:48:29] [main/DEBUG] (mixin) Mixing WoodSlabMixin from decoaddon.block.mixins.json into btw.block.blocks.WoodSlabBlock
[14:48:29] [main/DEBUG] (mixin) Mixing WoodSidingAndCornerBlockMixin from decoaddon.block.mixins.json into btw.block.blocks.WoodSidingAndCornerAndDecorativeBlock
[14:48:29] [main/DEBUG] (mixin) Mixing SidingAndCornerBlockMixin from decoaddon.block.mixins.json into btw.block.blocks.SidingAndCornerBlock
[14:48:29] [main/DEBUG] (mixin) Mixing WoodMouldingBlockMixin from decoaddon.block.mixins.json into btw.block.blocks.WoodMouldingAndDecorativeBlock
[14:48:29] [main/DEBUG] (mixin) Mixing BloodWoodLogMixin from decoaddon.block.mixins.json into btw.block.blocks.BloodWoodLogBlock
[14:48:29] [main/DEBUG] (mixin) Mixing LooseDirtBlockMixin from decoaddon.block.mixins.json into btw.block.blocks.LooseDirtBlock
[14:48:29] [main/DEBUG] (mixin) Mixing WorkStumpBlockMixin from decoaddon.block.mixins.json into btw.block.blocks.WorkStumpBlock
[14:48:29] [main/DEBUG] (mixin) Mixing ClayBlockMixin from betterterrain.mixins.json into btw.block.blocks.ClayBlock
[14:48:29] [main/DEBUG] (mixin) Mixing WorldTypeAccessor from betterterrain.mixins.json into net.minecraft.src.WorldType
[14:48:29] [main/DEBUG] (mixin) Mixing WorldTypeMixin from betterterrain.mixins.json into net.minecraft.src.WorldType
[14:48:29] [main/DEBUG] (mixin) Mixing CocoaPlantBlockMixin from decoaddon.block.mixins.json into btw.block.blocks.CocoaPlantBlock
[14:48:29] [main/DEBUG] (mixin) Mixing PlaceAsBlockItemAccessor from decoaddon.item.mixins.json into btw.item.items.PlaceAsBlockItem
[14:48:29] [main/DEBUG] (mixin) Mixing SignItemMixin from decoaddon.item.mixins.json into btw.item.items.SignItem
[14:48:29] [main/DEBUG] (mixin) Mixing DoorItemMixin from decoaddon.item.mixins.json into btw.item.items.DoorItem
[14:48:29] [main/DEBUG] (mixin) Mixing BookItemMixin from decoaddon.item.mixins.json into btw.item.items.BookItem
[14:48:29] [main/DEBUG] (mixin) Mixing DyeItemMixin from decoaddon.item.mixins.json into btw.item.items.DyeItem
[14:48:29] [main/DEBUG] (mixin) Mixing ShearsItemMixin from decoaddon.item.mixins.json into btw.item.items.ShearsItem
[14:48:29] [main/DEBUG] (mixin) Mixing GenLayerAccessor from betterterrain.mixins.json into net.minecraft.src.GenLayer
[14:48:29] [main/DEBUG] (mixin) Mixing GrassSlabBlockMixin from decoaddon.block.mixins.json into btw.block.blocks.GrassSlabBlock
[14:48:29] [main/DEBUG] (mixin) Mixing LadderBlockFlamingMixin from decoaddon.block.mixins.json into btw.block.blocks.LadderBlockFlaming
[14:48:29] [main/DEBUG] (mixin) Mixing JungleSpiderEntityMixin from decoaddon.entity.mixins.json into btw.entity.mob.JungleSpiderEntity
[14:48:29] [main/DEBUG] (mixin) Mixing SquidEntityMixin from decoaddon.entity.mixins.json into btw.entity.mob.SquidEntity
[14:48:29] [main/DEBUG] (mixin) Mixing LegacySubstitutionBlockItemMixin from decoaddon.item.mixins.json into btw.item.blockitems.legacy.LegacySubstitutionBlockItem
[14:48:29] [main/DEBUG] (mixin) Mixing WoodCornerStubMixin from decoaddon.item.mixins.json into btw.item.blockitems.WoodCornerStubBlockItem
[14:48:29] [main/DEBUG] (mixin) Mixing WoodMouldingDecorativeStubMixin from decoaddon.item.mixins.json into btw.item.blockitems.WoodMouldingDecorativeStubBlockItem
[14:48:29] [main/DEBUG] (mixin) Mixing WoodMouldingStubMixin from decoaddon.item.mixins.json into btw.item.blockitems.WoodMouldingStubBlockItem
[14:48:29] [main/DEBUG] (mixin) Mixing WoodSidingDecorativeStubMixin from decoaddon.item.mixins.json into btw.item.blockitems.WoodSidingDecorativeStubBlockItem
[14:48:29] [main/DEBUG] (mixin) Mixing WoodSidingStubMixin from decoaddon.item.mixins.json into btw.item.blockitems.WoodSidingStubBlockItem
[14:48:29] [main/DEBUG] (mixin) Mixing BarkItemMixin from decoaddon.item.mixins.json into btw.item.items.BarkItem
[14:48:29] [main/DEBUG] (mixin) Mixing CocoaBeanItemMixin from decoaddon.item.mixins.json into btw.item.items.CocoaBeanItem
[14:48:29] [main/DEBUG] (mixin) Mixing NetherGrothSporesItemMixin from betterterrain.mixins.json into btw.item.items.NetherGrothSporesItem
[14:48:29] [main/DEBUG] (mixin) Mixing SandPileItemMixin from decoaddon.item.mixins.json into btw.item.items.SandPileItem
[14:48:29] [main/DEBUG] (mixin) Mixing SoulSandPileItemMixin from betterterrain.mixins.json into btw.item.items.SoulSandPileItem
[14:48:29] [main/DEBUG] (mixin) Mixing StoneBrickItemMixin from decoaddon.item.mixins.json into btw.item.items.StoneBrickItem
[14:48:29] [main/DEBUG] (mixin) Mixing StoneItemMixin from decoaddon.item.mixins.json into btw.item.items.StoneItem
[14:48:30] [main/DEBUG] (mixin) Mixing BiomeDecoratorAccessor from betterterrain.mixins.json into net.minecraft.src.BiomeDecorator
[14:48:30] [main/DEBUG] (mixin) Mixing StructureScatteredFeatureStartAccessor from betterterrain.mixins.json into net.minecraft.src.StructureScatteredFeatureStart
[14:48:30] [main/DEBUG] (mixin) Mixing StructureScatteredFeatureStartMixin from betterterrain.mixins.json into net.minecraft.src.StructureScatteredFeatureStart
[14:48:30] [Minecraft main thread/DEBUG] (Fabric|Loader) No subscribers for entrypoint 'init'
[14:48:30] [Minecraft main thread/DEBUG] (Fabric|Loader) No subscribers for entrypoint 'client'
[14:48:30] [Minecraft main thread/DEBUG] (Fabric|Loader) No subscribers for entrypoint 'postInit'
[14:48:41] [Minecraft main thread/DEBUG] (mixin) Mixing GuiCreateWorldMixin from betterterrain.mixins.json into net.minecraft.src.GuiCreateWorld
[14:48:44] [Server thread/DEBUG] (mixin) Mixing WorldProviderMixin from betterterrain.mixins.json into net.minecraft.src.WorldProvider
[14:48:44] [Server thread/DEBUG] (mixin) Mixing WorldProviderHellMixin from betterterrain.mixins.json into net.minecraft.src.WorldProviderHell
[14:48:44] [Server thread/DEBUG] (mixin) Mixing WorldProviderEndMixin from betterterrain.mixins.json into net.minecraft.src.WorldProviderEnd
[14:48:51] [Server thread/DEBUG] (mixin) Mixing ContainerRepairInvoker from decoaddon.inventory.mixins.json into net.minecraft.src.ContainerRepair
