2022-10-17 11:04:33 [CLIENT] [INFO] Setting user: Player520
2022-10-17 11:04:34 [CLIENT] [INFO] LWJGL Version: 2.9.0
2022-10-17 11:04:35 [CLIENT] [WARNING] TextureManager.createTexture called for file textures/blocks/nullBlood.png, but that file does not exist. Ignoring.
2022-10-17 11:04:35 [CLIENT] [WARNING] TextureManager.createTexture called for file textures/blocks/nullCherry.png, but that file does not exist. Ignoring.
2022-10-17 11:04:35 [CLIENT] [WARNING] TextureManager.createTexture called for file textures/blocks/nullJungle.png, but that file does not exist. Ignoring.
2022-10-17 11:04:36 [CLIENT] [WARNING] TextureManager.createTexture called for file textures/blocks/nullSpruce.png, but that file does not exist. Ignoring.
2022-10-17 11:04:36 [CLIENT] [WARNING] TextureManager.createTexture called for file textures/blocks/nullHazel.png, but that file does not exist. Ignoring.
2022-10-17 11:04:36 [CLIENT] [WARNING] TextureManager.createTexture called for file textures/blocks/nullOak.png, but that file does not exist. Ignoring.
2022-10-17 11:04:36 [CLIENT] [WARNING] TextureManager.createTexture called for file textures/blocks/nullFir.png, but that file does not exist. Ignoring.
2022-10-17 11:04:36 [CLIENT] [WARNING] TextureManager.createTexture called for file textures/blocks/nullBirch.png, but that file does not exist. Ignoring.
2022-10-17 11:04:36 [CLIENT] [WARNING] TextureManager.createTexture called for file textures/blocks/nullMangrove.png, but that file does not exist. Ignoring.
2022-10-17 11:04:36 [CLIENT] [WARNING] TextureManager.createTexture called for file textures/blocks/nullMahogany.png, but that file does not exist. Ignoring.
2022-10-17 11:04:36 [CLIENT] [WARNING] TextureManager.createTexture called for file textures/blocks/nullAcacia.png, but that file does not exist. Ignoring.
2022-10-17 11:05:24 [CLIENT] [INFO] Stopping!
2022-10-17 11:05:39 [CLIENT] [INFO] Setting user: Player297
2022-10-17 11:05:39 [CLIENT] [INFO] LWJGL Version: 2.9.0
2022-10-17 11:05:41 [CLIENT] [WARNING] TextureManager.createTexture called for file textures/blocks/nullBlood.png, but that file does not exist. Ignoring.
2022-10-17 11:05:41 [CLIENT] [WARNING] TextureManager.createTexture called for file textures/blocks/nullCherry.png, but that file does not exist. Ignoring.
2022-10-17 11:05:41 [CLIENT] [WARNING] TextureManager.createTexture called for file textures/blocks/nullJungle.png, but that file does not exist. Ignoring.
2022-10-17 11:05:41 [CLIENT] [WARNING] TextureManager.createTexture called for file textures/blocks/nullSpruce.png, but that file does not exist. Ignoring.
2022-10-17 11:05:41 [CLIENT] [WARNING] TextureManager.createTexture called for file textures/blocks/nullHazel.png, but that file does not exist. Ignoring.
2022-10-17 11:05:41 [CLIENT] [WARNING] TextureManager.createTexture called for file textures/blocks/nullOak.png, but that file does not exist. Ignoring.
2022-10-17 11:05:41 [CLIENT] [WARNING] TextureManager.createTexture called for file textures/blocks/nullFir.png, but that file does not exist. Ignoring.
2022-10-17 11:05:41 [CLIENT] [WARNING] TextureManager.createTexture called for file textures/blocks/nullBirch.png, but that file does not exist. Ignoring.
2022-10-17 11:05:41 [CLIENT] [WARNING] TextureManager.createTexture called for file textures/blocks/nullMangrove.png, but that file does not exist. Ignoring.
2022-10-17 11:05:41 [CLIENT] [WARNING] TextureManager.createTexture called for file textures/blocks/nullMahogany.png, but that file does not exist. Ignoring.
2022-10-17 11:05:41 [CLIENT] [WARNING] TextureManager.createTexture called for file textures/blocks/nullAcacia.png, but that file does not exist. Ignoring.
2022-10-17 11:06:15 [CLIENT] [INFO] Stopping!
2022-10-17 11:07:39 [CLIENT] [INFO] Setting user: Player86
2022-10-17 11:07:39 [CLIENT] [INFO] LWJGL Version: 2.9.0
2022-10-17 11:07:41 [CLIENT] [WARNING] TextureManager.createTexture called for file textures/blocks/nullBlood.png, but that file does not exist. Ignoring.
2022-10-17 11:07:41 [CLIENT] [WARNING] TextureManager.createTexture called for file textures/blocks/nullCherry.png, but that file does not exist. Ignoring.
2022-10-17 11:07:41 [CLIENT] [WARNING] TextureManager.createTexture called for file textures/blocks/nullJungle.png, but that file does not exist. Ignoring.
2022-10-17 11:07:41 [CLIENT] [WARNING] TextureManager.createTexture called for file textures/blocks/nullSpruce.png, but that file does not exist. Ignoring.
2022-10-17 11:07:41 [CLIENT] [WARNING] TextureManager.createTexture called for file textures/blocks/nullHazel.png, but that file does not exist. Ignoring.
2022-10-17 11:07:41 [CLIENT] [WARNING] TextureManager.createTexture called for file textures/blocks/nullOak.png, but that file does not exist. Ignoring.
2022-10-17 11:07:41 [CLIENT] [WARNING] TextureManager.createTexture called for file textures/blocks/nullFir.png, but that file does not exist. Ignoring.
2022-10-17 11:07:41 [CLIENT] [WARNING] TextureManager.createTexture called for file textures/blocks/nullBirch.png, but that file does not exist. Ignoring.
2022-10-17 11:07:41 [CLIENT] [WARNING] TextureManager.createTexture called for file textures/blocks/nullMangrove.png, but that file does not exist. Ignoring.
2022-10-17 11:07:41 [CLIENT] [WARNING] TextureManager.createTexture called for file textures/blocks/nullMahogany.png, but that file does not exist. Ignoring.
2022-10-17 11:07:41 [CLIENT] [WARNING] TextureManager.createTexture called for file textures/blocks/nullAcacia.png, but that file does not exist. Ignoring.
2022-10-17 11:12:50 [CLIENT] [INFO] Stopping!
